2021.01.12 20:00:17 INFO  Started: Metals version 0.9.8 in workspace '/Users/alejandrogarciserna/IdeaProjects/HelloWorld' for client vscode.
2021.01.12 20:00:19 INFO  time: initialize in 1.27s
2021.01.12 20:00:19 WARN  Build server is not auto-connectable.
2021.01.12 20:00:19 WARN  no build target for: /Users/alejandrogarciserna/IdeaProjects/HelloWorld/src/test/scala/Hello.scala
2021.01.12 20:00:23 INFO  no build target: using presentation compiler with only scala-library
2021.01.12 20:01:07 WARN  no build target for: /Users/alejandrogarciserna/IdeaProjects/HelloWorld/src/test/scala/Hello.scala
2021.01.12 20:02:17 INFO  Attempting to connect to the build server...
Starting the bsp launcher for bloop...
Opening a bsp server connection with 'bsp --protocol local --socket /var/folders/yr/z85n9mvn64j_dgmbb9slgs_00000gn/T/bsp-launcher12926016574373807949/bsp.socket'...
Waiting for the bsp connection to come up...
Waiting for the bsp connection to come up...
Waiting for the bsp connection to come up...
Waiting for the bsp connection to come up...
Waiting for the bsp connection to come up...
Waiting for the bsp connection to come up...
Waiting for the bsp connection to come up...
Waiting for the bsp connection to come up...
Waiting for the bsp connection to come up...
Waiting for the bsp connection to come up...
Waiting for the bsp connection to come up...
Waiting for the bsp connection to come up...
Waiting for the bsp connection to come up...
Waiting for the bsp connection to come up...
Waiting for the bsp connection to come up...
Waiting for the bsp connection to come up...
Waiting for the bsp connection to come up...
Waiting for the bsp connection to come up...
Waiting for the bsp connection to come up...
Waiting for the bsp connection to come up...
Waiting for the bsp connection to come up...
Waiting for the bsp connection to come up...
Waiting for the bsp connection to come up...
Jan 12, 2021 8:02:42 PM org.eclipse.lsp4j.jsonrpc.services.GenericEndpoint notify
INFO: Unsupported notification method: $/setTraceNotification
Waiting for the bsp connection to come up...
Waiting for the bsp connection to come up...
2021.01.12 20:02:44 WARN  no build target for: /Users/alejandrogarciserna/IdeaProjects/HelloWorld/src/test/scala/Unit2Dot4.scala
Waiting for the bsp connection to come up...
Waiting for the bsp connection to come up...
Waiting for the bsp connection to come up...
No server running at 127.0.0.1:8212, let's fire one...
Resolving ch.epfl.scala:bloop-frontend_2.12:1.4.6-15-209c2a5c...
Starting bloop server at 127.0.0.1:8212...
Attempting a connection to the server...
Attempting a connection to the server...
Attempting a connection to the server...
Attempting a connection to the server...
Attempting a connection to the server...
[0m[32m[D][0m Waiting for a connection at local:///var/folders/yr/z85n9mvn64j_dgmbb9slgs_00000gn/T/bsp-launcher12926016574373807949/bsp.socket...
The server is listening for incoming connections at local:///var/folders/yr/z85n9mvn64j_dgmbb9slgs_00000gn/T/bsp-launcher12926016574373807949/bsp.socket...
Starting thread that pumps stdin and redirects it to the bsp server...
Starting thread that pumps server stdout and redirects it to the client stdout...
2021.01.12 20:02:47 INFO  tracing is disabled for protocol BSP, to enable tracing of incoming and outgoing JSON messages create an empty file at /Users/alejandrogarciserna/Library/Caches/org.scalameta.metals/bsp.trace.json
2021.01.12 20:02:47 INFO  time: connected to build server in 30s
2021.01.12 20:02:47 INFO  Connected to Build server v1.4.6-15-209c2a5c
2021.01.12 20:02:48 ERROR Empty build targets. Expected at least one build target identifier.
2021.01.12 20:02:48 ERROR Empty build targets. Expected at least one build target identifier.
2021.01.12 20:02:48 ERROR Empty build targets. Expected at least one build target identifier.
2021.01.12 20:02:50 WARN  no build target for: /Users/alejandrogarciserna/IdeaProjects/HelloWorld/src/test/scala/Hello.scala
2021.01.12 20:02:54 INFO  time: indexed workspace in 6.44s
2021.01.12 20:02:54 WARN  no build target for: /Users/alejandrogarciserna/IdeaProjects/HelloWorld/src/test/scala/Hello.scala
2021.01.12 20:28:09 WARN  no build target for: /Users/alejandrogarciserna/IdeaProjects/HelloWorld/src/test/scala/Unit3Classes.scala
2021.01.12 20:28:13 WARN  no build target for: /Users/alejandrogarciserna/IdeaProjects/HelloWorld/src/test/scala/Hello.scala
